Flow report for lights
Tue Nov 14 10:38:25 2023
Quartus Prime Version 18.1.0 Build 625 09/12/2018 SJ Standard Edition


---------------------
; Table of Contents ;
---------------------
  1. Legal Notice
  2. Flow Summary
  3. Flow Settings
  4. Flow Non-Default Global Settings
  5. Flow Elapsed Time
  6. Flow OS Summary
  7. Flow Log
  8. Flow Messages
  9. Flow Suppressed Messages



----------------
; Legal Notice ;
----------------
Copyright (C) 2018  Intel Corporation. All rights reserved.
Your use of Intel Corporation's design tools, logic functions 
and other software and tools, and its AMPP partner logic 
functions, and any output files from any of the foregoing 
(including device programming or simulation files), and any 
associated documentation or information are expressly subject 
to the terms and conditions of the Intel Program License 
Subscription Agreement, the Intel Quartus Prime License Agreement,
the Intel FPGA IP License Agreement, or other applicable license
agreement, including, without limitation, that your use is for
the sole purpose of programming logic devices manufactured by
Intel and sold by Intel or its authorized distributors.  Please
refer to the applicable agreement for further details.



+--------------------------------------------------------------------------------------+
; Flow Summary                                                                         ;
+------------------------------------+-------------------------------------------------+
; Flow Status                        ; Successful - Tue Nov 14 10:38:25 2023           ;
; Quartus Prime Version              ; 18.1.0 Build 625 09/12/2018 SJ Standard Edition ;
; Revision Name                      ; lights                                          ;
; Top-level Entity Name              ; lights                                          ;
; Family                             ; Cyclone IV E                                    ;
; Device                             ; EP4CE115F29C7                                   ;
; Timing Models                      ; Final                                           ;
; Total logic elements               ; 5,227 / 114,480 ( 5 % )                         ;
;     Total combinational functions  ; 4,233 / 114,480 ( 4 % )                         ;
;     Dedicated logic registers      ; 3,460 / 114,480 ( 3 % )                         ;
; Total registers                    ; 3579                                            ;
; Total pins                         ; 64 / 529 ( 12 % )                               ;
; Total virtual pins                 ; 0                                               ;
; Total memory bits                  ; 65,664 / 3,981,312 ( 2 % )                      ;
; Embedded Multiplier 9-bit elements ; 6 / 532 ( 1 % )                                 ;
; Total PLLs                         ; 1 / 4 ( 25 % )                                  ;
+------------------------------------+-------------------------------------------------+


+-----------------------------------------+
; Flow Settings                           ;
+-------------------+---------------------+
; Option            ; Setting             ;
+-------------------+---------------------+
; Start date & time ; 11/14/2023 10:37:01 ;
; Main task         ; Compilation         ;
; Revision Name     ; lights              ;
+-------------------+---------------------+


+-----------------------------------------------------------------------------------------------------------------------------+
; Flow Non-Default Global Settings                                                                                            ;
+-------------------------------------+----------------------------------------+---------------+-------------+----------------+
; Assignment Name                     ; Value                                  ; Default Value ; Entity Name ; Section Id     ;
+-------------------------------------+----------------------------------------+---------------+-------------+----------------+
; COMPILER_SIGNATURE_ID               ; 128122668291532.169997622116621        ; --            ; --          ; --             ;
; EDA_OUTPUT_DATA_FORMAT              ; Verilog Hdl                            ; --            ; --          ; eda_simulation ;
; EDA_SIMULATION_TOOL                 ; ModelSim-Altera (Verilog)              ; <None>        ; --          ; --             ;
; EDA_TIME_SCALE                      ; 1 ps                                   ; --            ; --          ; eda_simulation ;
; MAX_CORE_JUNCTION_TEMP              ; 85                                     ; --            ; --          ; --             ;
; MIN_CORE_JUNCTION_TEMP              ; 0                                      ; --            ; --          ; --             ;
; NOMINAL_CORE_SUPPLY_VOLTAGE         ; 1.2V                                   ; --            ; --          ; --             ;
; PARTITION_COLOR                     ; -- (Not supported for targeted family) ; --            ; --          ; Top            ;
; PARTITION_FITTER_PRESERVATION_LEVEL ; -- (Not supported for targeted family) ; --            ; --          ; Top            ;
; PARTITION_NETLIST_TYPE              ; -- (Not supported for targeted family) ; --            ; --          ; Top            ;
; POWER_BOARD_THERMAL_MODEL           ; None (CONSERVATIVE)                    ; --            ; --          ; --             ;
; POWER_PRESET_COOLING_SOLUTION       ; 23 MM HEAT SINK WITH 200 LFPM AIRFLOW  ; --            ; --          ; --             ;
; PROJECT_OUTPUT_DIRECTORY            ; output_files                           ; --            ; --          ; --             ;
; SEARCH_PATH                         ; nios_system                            ; --            ; --          ; --             ;
+-------------------------------------+----------------------------------------+---------------+-------------+----------------+


+--------------------------------------------------------------------------------------------------------------------------+
; Flow Elapsed Time                                                                                                        ;
+----------------------+--------------+-------------------------+---------------------+------------------------------------+
; Module Name          ; Elapsed Time ; Average Processors Used ; Peak Virtual Memory ; Total CPU Time (on all processors) ;
+----------------------+--------------+-------------------------+---------------------+------------------------------------+
; Analysis & Synthesis ; 00:00:44     ; 1.0                     ; 1211 MB             ; 00:01:13                           ;
; Fitter               ; 00:00:24     ; 1.2                     ; 2131 MB             ; 00:00:41                           ;
; Assembler            ; 00:00:03     ; 1.0                     ; 842 MB              ; 00:00:02                           ;
; Timing Analyzer      ; 00:00:04     ; 1.3                     ; 1030 MB             ; 00:00:03                           ;
; EDA Netlist Writer   ; 00:00:05     ; 1.0                     ; 1130 MB             ; 00:00:04                           ;
; Total                ; 00:01:20     ; --                      ; --                  ; 00:02:03                           ;
+----------------------+--------------+-------------------------+---------------------+------------------------------------+


+----------------------------------------------------------------------------------------+
; Flow OS Summary                                                                        ;
+----------------------+------------------+----------------+------------+----------------+
; Module Name          ; Machine Hostname ; OS Name        ; OS Version ; Processor type ;
+----------------------+------------------+----------------+------------+----------------+
; Analysis & Synthesis ; cocsce-l3d22-16  ; Ubuntu 22.04.3 ; 22         ; x86_64         ;
; Fitter               ; cocsce-l3d22-16  ; Ubuntu 22.04.3 ; 22         ; x86_64         ;
; Assembler            ; cocsce-l3d22-16  ; Ubuntu 22.04.3 ; 22         ; x86_64         ;
; Timing Analyzer      ; cocsce-l3d22-16  ; Ubuntu 22.04.3 ; 22         ; x86_64         ;
; EDA Netlist Writer   ; cocsce-l3d22-16  ; Ubuntu 22.04.3 ; 22         ; x86_64         ;
+----------------------+------------------+----------------+------------+----------------+


------------
; Flow Log ;
------------
quartus_map --read_settings_files=on --write_settings_files=off lights -c lights
quartus_fit --read_settings_files=off --write_settings_files=off lights -c lights
quartus_asm --read_settings_files=off --write_settings_files=off lights -c lights
quartus_sta lights -c lights
quartus_eda --read_settings_files=off --write_settings_files=off lights -c lights



